<?xml version="1.0" encoding="UTF-8"?>
<!-- Generated by org.testng.reporters.JUnitReportReporter -->
<testsuite hostname="DESKTOP-3RR98JR" name="TestCases.Test.NewTest" tests="1" failures="0" timestamp="16 Nov 2019 15:30:13 GMT" time="0.021" errors="0">
  <testcase name="f" time="0.021" classname="TestCases.Test.NewTest"/>
</testsuite> <!-- TestCases.Test.NewTest -->
