<?xml version="1.0" encoding="UTF-8"?>
<!-- Generated by org.testng.reporters.JUnitReportReporter -->
<testsuite hostname="DESKTOP-3RR98JR" name="TestNg.sample" tests="1" failures="0" timestamp="16 Nov 2019 15:48:23 GMT" time="0.020" errors="0">
  <testcase name="f" time="0.020" classname="TestNg.sample"/>
</testsuite> <!-- TestNg.sample -->
